[0m14:30:03.124940 [debug] [MainThread]: Sending event: {'category': 'dbt', 'action': 'invocation', 'label': 'start', 'context': [<snowplow_tracker.self_describing_json.SelfDescribingJson object at 0x00000259676BAB70>, <snowplow_tracker.self_describing_json.SelfDescribingJson object at 0x000002596453EDE0>, <snowplow_tracker.self_describing_json.SelfDescribingJson object at 0x0000025966A5F470>]}


============================== 14:30:03.133384 | 33b1d9de-2c92-4cdd-a689-328b7a09802f ==============================
[0m14:30:03.133384 [info ] [MainThread]: Running with dbt=1.8.5
[0m14:30:03.134389 [debug] [MainThread]: running dbt with arguments {'printer_width': '80', 'indirect_selection': 'eager', 'write_json': 'True', 'log_cache_events': 'False', 'partial_parse': 'True', 'cache_selected_only': 'False', 'profiles_dir': 'C:\\Users\\KevinDang\\.dbt', 'debug': 'False', 'version_check': 'True', 'log_path': 'logs', 'fail_fast': 'False', 'warn_error': 'None', 'use_colors': 'True', 'use_experimental_parser': 'False', 'empty': 'None', 'quiet': 'False', 'no_print': 'None', 'warn_error_options': 'WarnErrorOptions(include=[], exclude=[])', 'introspect': 'True', 'static_parser': 'True', 'invocation_command': 'dbt init', 'target_path': 'None', 'log_format': 'default', 'send_anonymous_usage_stats': 'True'}
[0m14:31:07.901043 [debug] [MainThread]: Starter project path: C:\Users\KevinDang\OneDrive - EdgeRed Analytics\Documents\dbt-Setup\dbt-core-venv\Lib\site-packages\dbt\include\starter_project
[0m14:31:07.983568 [info ] [MainThread]: 
Your new dbt project "dbt_core_gcp" was created!

For more information on how to configure the profiles.yml file,
please consult the dbt documentation here:

  https://docs.getdbt.com/docs/configure-your-profile

One more thing:

Need help? Don't hesitate to reach out to us via GitHub issues or on Slack:

  https://community.getdbt.com/

Happy modeling!

[0m14:31:07.985856 [info ] [MainThread]: Setting up your profile.
[0m14:39:37.485680 [info ] [MainThread]: Profile dbt_core_gcp written to C:\Users\KevinDang\.dbt\profiles.yml using target's profile_template.yml and your supplied values. Run 'dbt debug' to validate the connection.
[0m14:39:37.487756 [debug] [MainThread]: Command `dbt init` succeeded at 14:39:37.487756 after 574.56 seconds
[0m14:39:37.487756 [debug] [MainThread]: Sending event: {'category': 'dbt', 'action': 'invocation', 'label': 'end', 'context': [<snowplow_tracker.self_describing_json.SelfDescribingJson object at 0x0000025967262660>, <snowplow_tracker.self_describing_json.SelfDescribingJson object at 0x00000259636DD4C0>, <snowplow_tracker.self_describing_json.SelfDescribingJson object at 0x00000259776325D0>]}
[0m14:39:37.488748 [debug] [MainThread]: Flushing usage events
[0m14:39:55.673371 [debug] [MainThread]: Sending event: {'category': 'dbt', 'action': 'invocation', 'label': 'start', 'context': [<snowplow_tracker.self_describing_json.SelfDescribingJson object at 0x000001D3F0DBA0F0>, <snowplow_tracker.self_describing_json.SelfDescribingJson object at 0x000001D3F09E8470>, <snowplow_tracker.self_describing_json.SelfDescribingJson object at 0x000001D3F07AE2A0>]}


============================== 14:39:55.677641 | 4f417e53-8315-420c-a3e9-c47366543f4b ==============================
[0m14:39:55.677641 [info ] [MainThread]: Running with dbt=1.8.5
[0m14:39:55.679641 [debug] [MainThread]: running dbt with arguments {'printer_width': '80', 'indirect_selection': 'eager', 'write_json': 'True', 'log_cache_events': 'False', 'partial_parse': 'True', 'cache_selected_only': 'False', 'warn_error': 'None', 'fail_fast': 'False', 'profiles_dir': 'C:\\Users\\KevinDang\\.dbt', 'log_path': 'logs', 'debug': 'False', 'version_check': 'True', 'use_colors': 'True', 'use_experimental_parser': 'False', 'no_print': 'None', 'quiet': 'False', 'empty': 'None', 'warn_error_options': 'WarnErrorOptions(include=[], exclude=[])', 'invocation_command': 'dbt debug', 'log_format': 'default', 'static_parser': 'True', 'target_path': 'None', 'introspect': 'True', 'send_anonymous_usage_stats': 'True'}
[0m14:39:55.699948 [info ] [MainThread]: dbt version: 1.8.5
[0m14:39:55.700965 [info ] [MainThread]: python version: 3.12.5
[0m14:39:55.700965 [info ] [MainThread]: python path: C:\Users\KevinDang\OneDrive - EdgeRed Analytics\Documents\dbt-Setup\dbt-core-venv\Scripts\python.exe
[0m14:39:55.700965 [info ] [MainThread]: os info: Windows-11-10.0.22631-SP0
[0m14:39:57.725777 [info ] [MainThread]: Using profiles dir at C:\Users\KevinDang\.dbt
[0m14:39:57.727800 [info ] [MainThread]: Using profiles.yml file at C:\Users\KevinDang\.dbt\profiles.yml
[0m14:39:57.727800 [info ] [MainThread]: Using dbt_project.yml file at C:\Users\KevinDang\OneDrive - EdgeRed Analytics\Documents\dbt-Setup\dbt-core-venv\dbt_project.yml
[0m14:39:57.728780 [error] [MainThread]: Encountered an error:
Internal Error
  Profile should not be None if loading profile completed
[0m14:39:57.731786 [debug] [MainThread]: Command `dbt debug` failed at 14:39:57.731786 after 2.23 seconds
[0m14:39:57.731786 [debug] [MainThread]: Sending event: {'category': 'dbt', 'action': 'invocation', 'label': 'end', 'context': [<snowplow_tracker.self_describing_json.SelfDescribingJson object at 0x000001D3F07AE2A0>, <snowplow_tracker.self_describing_json.SelfDescribingJson object at 0x000001D3F0C102C0>, <snowplow_tracker.self_describing_json.SelfDescribingJson object at 0x000001D3823FE240>]}
[0m14:39:57.732790 [debug] [MainThread]: Flushing usage events
[0m14:41:01.817967 [debug] [MainThread]: Sending event: {'category': 'dbt', 'action': 'invocation', 'label': 'start', 'context': [<snowplow_tracker.self_describing_json.SelfDescribingJson object at 0x0000017F6F9C7BF0>, <snowplow_tracker.self_describing_json.SelfDescribingJson object at 0x0000017F6F9C7E30>, <snowplow_tracker.self_describing_json.SelfDescribingJson object at 0x0000017F713BA720>]}


============================== 14:41:01.821963 | dc6e2c48-fe10-42ef-8c94-bc1418801792 ==============================
[0m14:41:01.821963 [info ] [MainThread]: Running with dbt=1.8.5
[0m14:41:01.821963 [debug] [MainThread]: running dbt with arguments {'printer_width': '80', 'indirect_selection': 'eager', 'log_cache_events': 'False', 'write_json': 'True', 'partial_parse': 'True', 'cache_selected_only': 'False', 'warn_error': 'None', 'version_check': 'True', 'fail_fast': 'False', 'log_path': 'logs', 'debug': 'False', 'profiles_dir': 'C:\\Users\\KevinDang\\.dbt', 'use_colors': 'True', 'use_experimental_parser': 'False', 'empty': 'False', 'quiet': 'False', 'no_print': 'None', 'warn_error_options': 'WarnErrorOptions(include=[], exclude=[])', 'introspect': 'True', 'log_format': 'default', 'invocation_command': 'dbt run', 'target_path': 'None', 'static_parser': 'True', 'send_anonymous_usage_stats': 'True'}
[0m14:41:01.822963 [error] [MainThread]: Encountered an error:
Runtime Error
  No dbt_project.yml found at expected path C:\Users\KevinDang\OneDrive - EdgeRed Analytics\Documents\dbt-Setup\dbt-core-venv\dbt_project.yml
  Verify that each entry within packages.yml (and their transitive dependencies) contains a file named dbt_project.yml
  
[0m14:41:01.823963 [debug] [MainThread]: Command `dbt run` failed at 14:41:01.823963 after 0.13 seconds
[0m14:41:01.825058 [debug] [MainThread]: Sending event: {'category': 'dbt', 'action': 'invocation', 'label': 'end', 'context': [<snowplow_tracker.self_describing_json.SelfDescribingJson object at 0x0000017F6F9C7BF0>, <snowplow_tracker.self_describing_json.SelfDescribingJson object at 0x0000017F6FEABCB0>, <snowplow_tracker.self_describing_json.SelfDescribingJson object at 0x0000017F714BDDC0>]}
[0m14:41:01.825058 [debug] [MainThread]: Flushing usage events
